# JRE version: OpenJDK Runtime Environment (17.0.6) (build 17.0.6+0-b2043.56-9586694)
# Java VM: OpenJDK 64-Bit Server VM (17.0.6+0-b2043.56-9586694, mixed mode, tiered, compressed oops, compressed class ptrs, g1 gc, windows-amd64)
GC Precious Log:
 CPUs: 8 total, 8 available
 Memory: 7959M
 Large Page Support: Disabled
 NUMA Support: Disabled
 Compressed Oops: Enabled (32-bit)
 Heap Region Size: 1M
 Heap Min Capacity: 8M
 Heap Initial Capacity: 126M
 Heap Max Capacity: 2G
 Pre-touch: Disabled
 Parallel Workers: 8
 Concurrent Workers: 2
 Concurrent Refinement Workers: 8
 Periodic GC: Disabled
Heap:
 garbage-first heap   total 458752K, used 333030K [0x0000000080000000, 0x0000000100000000)
  region size 1024K, 152 young (155648K), 12 survivors (12288K)
 Metaspace       used 97683K, committed 98432K, reserved 1138688K
  class space    used 13341K, committed 13696K, reserved 1048576K
GC Heap History (20 events):
Event: 8.007 GC heap before
{Heap before GC invocations=22 (full 0):
 garbage-first heap   total 107520K, used 75576K [0x0000000080000000, 0x0000000100000000)
  region size 1024K, 25 young (25600K), 1 survivors (1024K)
 Metaspace       used 66915K, committed 67456K, reserved 1114112K
  class space    used 8823K, committed 9088K, reserved 1048576K
}
Event: 8.010 GC heap after
{Heap after GC invocations=23 (full 0):
 garbage-first heap   total 107520K, used 53883K [0x0000000080000000, 0x0000000100000000)
  region size 1024K, 2 young (2048K), 2 survivors (2048K)
 Metaspace       used 66915K, committed 67456K, reserved 1114112K
  class space    used 8823K, committed 9088K, reserved 1048576K
}
Event: 8.326 GC heap before
{Heap before GC invocations=24 (full 0):
 garbage-first heap   total 107520K, used 85627K [0x0000000080000000, 0x0000000100000000)
  region size 1024K, 32 young (32768K), 2 survivors (2048K)
 Metaspace       used 67931K, committed 68480K, reserved 1114112K
  class space    used 8991K, committed 9216K, reserved 1048576K
}
Event: 8.330 GC heap after
{Heap after GC invocations=25 (full 0):
 garbage-first heap   total 107520K, used 55748K [0x0000000080000000, 0x0000000100000000)
  region size 1024K, 4 young (4096K), 4 survivors (4096K)
 Metaspace       used 67931K, committed 68480K, reserved 1114112K
  class space    used 8991K, committed 9216K, reserved 1048576K
}
Event: 8.340 GC heap before
{Heap before GC invocations=25 (full 0):
 garbage-first heap   total 107520K, used 56772K [0x0000000080000000, 0x0000000100000000)
  region size 1024K, 5 young (5120K), 4 survivors (4096K)
 Metaspace       used 67936K, committed 68480K, reserved 1114112K
  class space    used 8991K, committed 9216K, reserved 1048576K
}
Event: 8.346 GC heap after
{Heap after GC invocations=26 (full 0):
 garbage-first heap   total 222208K, used 55908K [0x0000000080000000, 0x0000000100000000)
  region size 1024K, 1 young (1024K), 1 survivors (1024K)
 Metaspace       used 67936K, committed 68480K, reserved 1114112K
  class space    used 8991K, committed 9216K, reserved 1048576K
}
Event: 9.699 GC heap before
{Heap before GC invocations=26 (full 0):
 garbage-first heap   total 222208K, used 154212K [0x0000000080000000, 0x0000000100000000)
  region size 1024K, 97 young (99328K), 1 survivors (1024K)
 Metaspace       used 74506K, committed 75136K, reserved 1114112K
  class space    used 10125K, committed 10432K, reserved 1048576K
}
Event: 9.707 GC heap after
{Heap after GC invocations=27 (full 0):
 garbage-first heap   total 222208K, used 63012K [0x0000000080000000, 0x0000000100000000)
  region size 1024K, 8 young (8192K), 8 survivors (8192K)
 Metaspace       used 74506K, committed 75136K, reserved 1114112K
  class space    used 10125K, committed 10432K, reserved 1048576K
}
Event: 11.029 GC heap before
{Heap before GC invocations=27 (full 0):
 garbage-first heap   total 222208K, used 164388K [0x0000000080000000, 0x0000000100000000)
  region size 1024K, 107 young (109568K), 8 survivors (8192K)
 Metaspace       used 82415K, committed 83008K, reserved 1122304K
  class space    used 11252K, committed 11520K, reserved 1048576K
}
Event: 11.042 GC heap after
{Heap after GC invocations=28 (full 0):
 garbage-first heap   total 222208K, used 73439K [0x0000000080000000, 0x0000000100000000)
  region size 1024K, 11 young (11264K), 11 survivors (11264K)
 Metaspace       used 82415K, committed 83008K, reserved 1122304K
  class space    used 11252K, committed 11520K, reserved 1048576K
}
Event: 12.140 GC heap before
{Heap before GC invocations=28 (full 0):
 garbage-first heap   total 222208K, used 167647K [0x0000000080000000, 0x0000000100000000)
  region size 1024K, 104 young (106496K), 11 survivors (11264K)
 Metaspace       used 85376K, committed 86016K, reserved 1130496K
  class space    used 11778K, committed 12096K, reserved 1048576K
}
Event: 12.156 GC heap after
{Heap after GC invocations=29 (full 0):
 garbage-first heap   total 222208K, used 83797K [0x0000000080000000, 0x0000000100000000)
  region size 1024K, 10 young (10240K), 10 survivors (10240K)
 Metaspace       used 85376K, committed 86016K, reserved 1130496K
  class space    used 11778K, committed 12096K, reserved 1048576K
}
Event: 12.920 GC heap before
{Heap before GC invocations=29 (full 0):
 garbage-first heap   total 222208K, used 171861K [0x0000000080000000, 0x0000000100000000)
  region size 1024K, 97 young (99328K), 10 survivors (10240K)
 Metaspace       used 86328K, committed 87104K, reserved 1130496K
  class space    used 11859K, committed 12224K, reserved 1048576K
}
Event: 12.934 GC heap after
{Heap after GC invocations=30 (full 0):
 garbage-first heap   total 222208K, used 90213K [0x0000000080000000, 0x0000000100000000)
  region size 1024K, 7 young (7168K), 7 survivors (7168K)
 Metaspace       used 86328K, committed 87104K, reserved 1130496K
  class space    used 11859K, committed 12224K, reserved 1048576K
}
Event: 13.443 GC heap before
{Heap before GC invocations=30 (full 0):
 garbage-first heap   total 222208K, used 175205K [0x0000000080000000, 0x0000000100000000)
  region size 1024K, 91 young (93184K), 7 survivors (7168K)
 Metaspace       used 89563K, committed 90304K, reserved 1130496K
  class space    used 12251K, committed 12608K, reserved 1048576K
}
Event: 13.452 GC heap after
{Heap after GC invocations=31 (full 0):
 garbage-first heap   total 222208K, used 94827K [0x0000000080000000, 0x0000000100000000)
  region size 1024K, 11 young (11264K), 11 survivors (11264K)
 Metaspace       used 89563K, committed 90304K, reserved 1130496K
  class space    used 12251K, committed 12608K, reserved 1048576K
}
Event: 13.920 GC heap before
{Heap before GC invocations=31 (full 0):
 garbage-first heap   total 222208K, used 178795K [0x0000000080000000, 0x0000000100000000)
  region size 1024K, 94 young (96256K), 11 survivors (11264K)
 Metaspace       used 92017K, committed 92800K, reserved 1130496K
  class space    used 12551K, committed 12928K, reserved 1048576K
}
Event: 13.934 GC heap after
{Heap after GC invocations=32 (full 0):
 garbage-first heap   total 222208K, used 101181K [0x0000000080000000, 0x0000000100000000)
  region size 1024K, 12 young (12288K), 12 survivors (12288K)
 Metaspace       used 92017K, committed 92800K, reserved 1130496K
  class space    used 12551K, committed 12928K, reserved 1048576K
}
Event: 14.416 GC heap before
{Heap before GC invocations=32 (full 0):
 garbage-first heap   total 222208K, used 197437K [0x0000000080000000, 0x0000000100000000)
  region size 1024K, 87 young (89088K), 12 survivors (12288K)
 Metaspace       used 96593K, committed 97280K, reserved 1138688K
  class space    used 13194K, committed 13504K, reserved 1048576K
}
Event: 14.434 GC heap after
{Heap after GC invocations=33 (full 0):
 garbage-first heap   total 458752K, used 139494K [0x0000000080000000, 0x0000000100000000)
  region size 1024K, 12 young (12288K), 12 survivors (12288K)
 Metaspace       used 96593K, committed 97280K, reserved 1138688K
  class space    used 13194K, committed 13504K, reserved 1048576K
}

