# JRE version: OpenJDK Runtime Environment (17.0.6) (build 17.0.6+0-b2043.56-9586694)
# Java VM: OpenJDK 64-Bit Server VM (17.0.6+0-b2043.56-9586694, mixed mode, tiered, compressed oops, compressed class ptrs, g1 gc, windows-amd64)
GC Precious Log:
 CPUs: 8 total, 8 available
 Memory: 7959M
 Large Page Support: Disabled
 NUMA Support: Disabled
 Compressed Oops: Enabled (32-bit)
 Heap Region Size: 1M
 Heap Min Capacity: 8M
 Heap Initial Capacity: 126M
 Heap Max Capacity: 2G
 Pre-touch: Disabled
 Parallel Workers: 8
 Concurrent Workers: 2
 Concurrent Refinement Workers: 8
 Periodic GC: Disabled
Heap:
 garbage-first heap   total 245760K, used 184123K [0x0000000080000000, 0x0000000100000000)
  region size 1024K, 4 young (4096K), 4 survivors (4096K)
 Metaspace       used 96831K, committed 97536K, reserved 1138688K
  class space    used 13221K, committed 13568K, reserved 1048576K
GC Heap History (20 events):
Event: 22.501 GC heap after
{Heap after GC invocations=45 (full 0):
 garbage-first heap   total 155648K, used 84587K [0x0000000080000000, 0x0000000100000000)
  region size 1024K, 3 young (3072K), 3 survivors (3072K)
 Metaspace       used 85155K, committed 85888K, reserved 1130496K
  class space    used 11748K, committed 12096K, reserved 1048576K
}
Event: 22.550 GC heap before
{Heap before GC invocations=45 (full 0):
 garbage-first heap   total 155648K, used 88683K [0x0000000080000000, 0x0000000100000000)
  region size 1024K, 7 young (7168K), 3 survivors (3072K)
 Metaspace       used 85173K, committed 85888K, reserved 1130496K
  class space    used 11748K, committed 12096K, reserved 1048576K
}
Event: 22.556 GC heap after
{Heap after GC invocations=46 (full 0):
 garbage-first heap   total 155648K, used 84374K [0x0000000080000000, 0x0000000100000000)
  region size 1024K, 1 young (1024K), 1 survivors (1024K)
 Metaspace       used 85173K, committed 85888K, reserved 1130496K
  class space    used 11748K, committed 12096K, reserved 1048576K
}
Event: 23.358 GC heap before
{Heap before GC invocations=46 (full 0):
 garbage-first heap   total 155648K, used 123286K [0x0000000080000000, 0x0000000100000000)
  region size 1024K, 40 young (40960K), 1 survivors (1024K)
 Metaspace       used 85516K, committed 86208K, reserved 1130496K
  class space    used 11776K, committed 12096K, reserved 1048576K
}
Event: 23.369 GC heap after
{Heap after GC invocations=47 (full 0):
 garbage-first heap   total 244736K, used 86771K [0x0000000080000000, 0x0000000100000000)
  region size 1024K, 3 young (3072K), 3 survivors (3072K)
 Metaspace       used 85516K, committed 86208K, reserved 1130496K
  class space    used 11776K, committed 12096K, reserved 1048576K
}
Event: 25.064 GC heap before
{Heap before GC invocations=48 (full 0):
 garbage-first heap   total 244736K, used 191219K [0x0000000080000000, 0x0000000100000000)
  region size 1024K, 106 young (108544K), 3 survivors (3072K)
 Metaspace       used 87793K, committed 88448K, reserved 1130496K
  class space    used 11986K, committed 12288K, reserved 1048576K
}
Event: 25.077 GC heap after
{Heap after GC invocations=49 (full 0):
 garbage-first heap   total 244736K, used 93060K [0x0000000080000000, 0x0000000100000000)
  region size 1024K, 10 young (10240K), 10 survivors (10240K)
 Metaspace       used 87793K, committed 88448K, reserved 1130496K
  class space    used 11986K, committed 12288K, reserved 1048576K
}
Event: 25.092 GC heap before
{Heap before GC invocations=49 (full 0):
 garbage-first heap   total 244736K, used 94084K [0x0000000080000000, 0x0000000100000000)
  region size 1024K, 11 young (11264K), 10 survivors (10240K)
 Metaspace       used 87859K, committed 88576K, reserved 1130496K
  class space    used 11994K, committed 12352K, reserved 1048576K
}
Event: 25.104 GC heap after
{Heap after GC invocations=50 (full 0):
 garbage-first heap   total 244736K, used 94326K [0x0000000080000000, 0x0000000100000000)
  region size 1024K, 2 young (2048K), 2 survivors (2048K)
 Metaspace       used 87859K, committed 88576K, reserved 1130496K
  class space    used 11994K, committed 12352K, reserved 1048576K
}
Event: 26.000 GC heap before
{Heap before GC invocations=50 (full 0):
 garbage-first heap   total 244736K, used 192630K [0x0000000080000000, 0x0000000100000000)
  region size 1024K, 99 young (101376K), 2 survivors (2048K)
 Metaspace       used 91136K, committed 91840K, reserved 1130496K
  class space    used 12426K, committed 12736K, reserved 1048576K
}
Event: 26.013 GC heap after
{Heap after GC invocations=51 (full 0):
 garbage-first heap   total 244736K, used 99078K [0x0000000080000000, 0x0000000100000000)
  region size 1024K, 6 young (6144K), 6 survivors (6144K)
 Metaspace       used 91136K, committed 91840K, reserved 1130496K
  class space    used 12426K, committed 12736K, reserved 1048576K
}
Event: 26.325 GC heap before
{Heap before GC invocations=51 (full 0):
 garbage-first heap   total 244736K, used 153350K [0x0000000080000000, 0x0000000100000000)
  region size 1024K, 45 young (46080K), 6 survivors (6144K)
 Metaspace       used 92097K, committed 92736K, reserved 1130496K
  class space    used 12550K, committed 12864K, reserved 1048576K
}
Event: 26.341 GC heap after
{Heap after GC invocations=52 (full 0):
 garbage-first heap   total 244736K, used 125502K [0x0000000080000000, 0x0000000100000000)
  region size 1024K, 13 young (13312K), 13 survivors (13312K)
 Metaspace       used 92097K, committed 92736K, reserved 1130496K
  class space    used 12550K, committed 12864K, reserved 1048576K
}
Event: 27.036 GC heap before
{Heap before GC invocations=53 (full 0):
 garbage-first heap   total 245760K, used 218686K [0x0000000080000000, 0x0000000100000000)
  region size 1024K, 80 young (81920K), 13 survivors (13312K)
 Metaspace       used 96209K, committed 96960K, reserved 1138688K
  class space    used 13136K, committed 13504K, reserved 1048576K
}
Event: 27.059 GC heap after
{Heap after GC invocations=54 (full 0):
 garbage-first heap   total 245760K, used 150884K [0x0000000080000000, 0x0000000100000000)
  region size 1024K, 10 young (10240K), 10 survivors (10240K)
 Metaspace       used 96209K, committed 96960K, reserved 1138688K
  class space    used 13136K, committed 13504K, reserved 1048576K
}
Event: 27.063 GC heap before
{Heap before GC invocations=54 (full 0):
 garbage-first heap   total 245760K, used 157028K [0x0000000080000000, 0x0000000100000000)
  region size 1024K, 12 young (12288K), 10 survivors (10240K)
 Metaspace       used 96218K, committed 96960K, reserved 1138688K
  class space    used 13139K, committed 13504K, reserved 1048576K
}
Event: 27.076 GC heap after
{Heap after GC invocations=55 (full 0):
 garbage-first heap   total 245760K, used 154309K [0x0000000080000000, 0x0000000100000000)
  region size 1024K, 2 young (2048K), 2 survivors (2048K)
 Metaspace       used 96218K, committed 96960K, reserved 1138688K
  class space    used 13139K, committed 13504K, reserved 1048576K
}
Event: 27.464 GC heap before
{Heap before GC invocations=55 (full 0):
 garbage-first heap   total 245760K, used 222917K [0x0000000080000000, 0x0000000100000000)
  region size 1024K, 46 young (47104K), 2 survivors (2048K)
 Metaspace       used 96824K, committed 97536K, reserved 1138688K
  class space    used 13221K, committed 13568K, reserved 1048576K
}
Event: 27.480 GC heap after
{Heap after GC invocations=56 (full 0):
 garbage-first heap   total 245760K, used 176288K [0x0000000080000000, 0x0000000100000000)
  region size 1024K, 6 young (6144K), 6 survivors (6144K)
 Metaspace       used 96824K, committed 97536K, reserved 1138688K
  class space    used 13221K, committed 13568K, reserved 1048576K
}
Event: 27.640 GC heap before
{Heap before GC invocations=56 (full 0):
 garbage-first heap   total 245760K, used 201888K [0x0000000080000000, 0x0000000100000000)
  region size 1024K, 32 young (32768K), 6 survivors (6144K)
 Metaspace       used 96831K, committed 97536K, reserved 1138688K
  class space    used 13221K, committed 13568K, reserved 1048576K
}

