# JRE version: OpenJDK Runtime Environment (17.0.6) (build 17.0.6+0-b2043.56-9586694)
# Java VM: OpenJDK 64-Bit Server VM (17.0.6+0-b2043.56-9586694, mixed mode, tiered, compressed oops, compressed class ptrs, g1 gc, windows-amd64)
GC Precious Log:
 CPUs: 8 total, 8 available
 Memory: 7959M
 Large Page Support: Disabled
 NUMA Support: Disabled
 Compressed Oops: Enabled (32-bit)
 Heap Region Size: 1M
 Heap Min Capacity: 8M
 Heap Initial Capacity: 126M
 Heap Max Capacity: 2G
 Pre-touch: Disabled
 Parallel Workers: 8
 Concurrent Workers: 2
 Concurrent Refinement Workers: 8
 Periodic GC: Disabled
Heap:
 garbage-first heap   total 162816K, used 90621K [0x0000000080000000, 0x0000000100000000)
  region size 1024K, 3 young (3072K), 3 survivors (3072K)
 Metaspace       used 91727K, committed 92416K, reserved 1130496K
  class space    used 12468K, committed 12800K, reserved 1048576K
GC Heap History (20 events):
Event: 18.448 GC heap after
{Heap after GC invocations=34 (full 0):
 garbage-first heap   total 125952K, used 70373K [0x0000000080000000, 0x0000000100000000)
  region size 1024K, 5 young (5120K), 5 survivors (5120K)
 Metaspace       used 81679K, committed 82304K, reserved 1122304K
  class space    used 11124K, committed 11392K, reserved 1048576K
}
Event: 19.349 GC heap before
{Heap before GC invocations=34 (full 0):
 garbage-first heap   total 125952K, used 100069K [0x0000000080000000, 0x0000000100000000)
  region size 1024K, 34 young (34816K), 5 survivors (5120K)
 Metaspace       used 83383K, committed 83968K, reserved 1122304K
  class space    used 11468K, committed 11776K, reserved 1048576K
}
Event: 19.363 GC heap after
{Heap after GC invocations=35 (full 0):
 garbage-first heap   total 125952K, used 74396K [0x0000000080000000, 0x0000000100000000)
  region size 1024K, 4 young (4096K), 4 survivors (4096K)
 Metaspace       used 83383K, committed 83968K, reserved 1122304K
  class space    used 11468K, committed 11776K, reserved 1048576K
}
Event: 20.069 GC heap before
{Heap before GC invocations=36 (full 0):
 garbage-first heap   total 132096K, used 101020K [0x0000000080000000, 0x0000000100000000)
  region size 1024K, 30 young (30720K), 4 survivors (4096K)
 Metaspace       used 84200K, committed 84800K, reserved 1130496K
  class space    used 11632K, committed 11904K, reserved 1048576K
}
Event: 20.079 GC heap after
{Heap after GC invocations=37 (full 0):
 garbage-first heap   total 132096K, used 77150K [0x0000000080000000, 0x0000000100000000)
  region size 1024K, 3 young (3072K), 3 survivors (3072K)
 Metaspace       used 84200K, committed 84800K, reserved 1130496K
  class space    used 11632K, committed 11904K, reserved 1048576K
}
Event: 20.131 GC heap before
{Heap before GC invocations=37 (full 0):
 garbage-first heap   total 132096K, used 80222K [0x0000000080000000, 0x0000000100000000)
  region size 1024K, 6 young (6144K), 3 survivors (3072K)
 Metaspace       used 84223K, committed 84800K, reserved 1130496K
  class space    used 11632K, committed 11904K, reserved 1048576K
}
Event: 20.142 GC heap after
{Heap after GC invocations=38 (full 0):
 garbage-first heap   total 158720K, used 77344K [0x0000000080000000, 0x0000000100000000)
  region size 1024K, 1 young (1024K), 1 survivors (1024K)
 Metaspace       used 84223K, committed 84800K, reserved 1130496K
  class space    used 11632K, committed 11904K, reserved 1048576K
}
Event: 21.361 GC heap before
{Heap before GC invocations=38 (full 0):
 garbage-first heap   total 158720K, used 124448K [0x0000000080000000, 0x0000000100000000)
  region size 1024K, 48 young (49152K), 1 survivors (1024K)
 Metaspace       used 84786K, committed 85440K, reserved 1130496K
  class space    used 11668K, committed 11968K, reserved 1048576K
}
Event: 21.369 GC heap after
{Heap after GC invocations=39 (full 0):
 garbage-first heap   total 158720K, used 80407K [0x0000000080000000, 0x0000000100000000)
  region size 1024K, 4 young (4096K), 4 survivors (4096K)
 Metaspace       used 84786K, committed 85440K, reserved 1130496K
  class space    used 11668K, committed 11968K, reserved 1048576K
}
Event: 22.291 GC heap before
{Heap before GC invocations=40 (full 0):
 garbage-first heap   total 158720K, used 126487K [0x0000000080000000, 0x0000000100000000)
  region size 1024K, 50 young (51200K), 4 survivors (4096K)
 Metaspace       used 85325K, committed 85888K, reserved 1130496K
  class space    used 11708K, committed 11968K, reserved 1048576K
}
Event: 22.302 GC heap after
{Heap after GC invocations=41 (full 0):
 garbage-first heap   total 158720K, used 83770K [0x0000000080000000, 0x0000000100000000)
  region size 1024K, 7 young (7168K), 7 survivors (7168K)
 Metaspace       used 85325K, committed 85888K, reserved 1130496K
  class space    used 11708K, committed 11968K, reserved 1048576K
}
Event: 22.312 GC heap before
{Heap before GC invocations=41 (full 0):
 garbage-first heap   total 158720K, used 84794K [0x0000000080000000, 0x0000000100000000)
  region size 1024K, 8 young (8192K), 7 survivors (7168K)
 Metaspace       used 85329K, committed 85952K, reserved 1130496K
  class space    used 11708K, committed 11968K, reserved 1048576K
}
Event: 22.322 GC heap after
{Heap after GC invocations=42 (full 0):
 garbage-first heap   total 158720K, used 83953K [0x0000000080000000, 0x0000000100000000)
  region size 1024K, 1 young (1024K), 1 survivors (1024K)
 Metaspace       used 85329K, committed 85952K, reserved 1130496K
  class space    used 11708K, committed 11968K, reserved 1048576K
}
Event: 22.924 GC heap before
{Heap before GC invocations=42 (full 0):
 garbage-first heap   total 158720K, used 127985K [0x0000000080000000, 0x0000000100000000)
  region size 1024K, 45 young (46080K), 1 survivors (1024K)
 Metaspace       used 85484K, committed 86080K, reserved 1130496K
  class space    used 11712K, committed 11968K, reserved 1048576K
}
Event: 22.932 GC heap after
{Heap after GC invocations=43 (full 0):
 garbage-first heap   total 158720K, used 85598K [0x0000000080000000, 0x0000000100000000)
  region size 1024K, 3 young (3072K), 3 survivors (3072K)
 Metaspace       used 85484K, committed 86080K, reserved 1130496K
  class space    used 11712K, committed 11968K, reserved 1048576K
}
Event: 50.485 GC heap before
{Heap before GC invocations=44 (full 0):
 garbage-first heap   total 162816K, used 130654K [0x0000000080000000, 0x0000000100000000)
  region size 1024K, 47 young (48128K), 3 survivors (3072K)
 Metaspace       used 86565K, committed 87232K, reserved 1130496K
  class space    used 11840K, committed 12160K, reserved 1048576K
}
Event: 50.492 GC heap after
{Heap after GC invocations=45 (full 0):
 garbage-first heap   total 162816K, used 90079K [0x0000000080000000, 0x0000000100000000)
  region size 1024K, 6 young (6144K), 6 survivors (6144K)
 Metaspace       used 86565K, committed 87232K, reserved 1130496K
  class space    used 11840K, committed 12160K, reserved 1048576K
}
Event: 50.502 GC heap before
{Heap before GC invocations=45 (full 0):
 garbage-first heap   total 162816K, used 91103K [0x0000000080000000, 0x0000000100000000)
  region size 1024K, 7 young (7168K), 6 survivors (6144K)
 Metaspace       used 86565K, committed 87232K, reserved 1130496K
  class space    used 11840K, committed 12160K, reserved 1048576K
}
Event: 50.510 GC heap after
{Heap after GC invocations=46 (full 0):
 garbage-first heap   total 162816K, used 89003K [0x0000000080000000, 0x0000000100000000)
  region size 1024K, 1 young (1024K), 1 survivors (1024K)
 Metaspace       used 86565K, committed 87232K, reserved 1130496K
  class space    used 11840K, committed 12160K, reserved 1048576K
}
Event: 50.974 GC heap before
{Heap before GC invocations=46 (full 0):
 garbage-first heap   total 162816K, used 118699K [0x0000000080000000, 0x0000000100000000)
  region size 1024K, 31 young (31744K), 1 survivors (1024K)
 Metaspace       used 91727K, committed 92416K, reserved 1130496K
  class space    used 12468K, committed 12800K, reserved 1048576K
}

