# JRE version: OpenJDK Runtime Environment (17.0.6) (build 17.0.6+0-b2043.56-9586694)
# Java VM: OpenJDK 64-Bit Server VM (17.0.6+0-b2043.56-9586694, mixed mode, tiered, compressed oops, compressed class ptrs, g1 gc, windows-amd64)
GC Precious Log:
 CPUs: 8 total, 8 available
 Memory: 7959M
 Large Page Support: Disabled
 NUMA Support: Disabled
 Compressed Oops: Enabled (32-bit)
 Heap Region Size: 1M
 Heap Min Capacity: 8M
 Heap Initial Capacity: 126M
 Heap Max Capacity: 2G
 Pre-touch: Disabled
 Parallel Workers: 8
 Concurrent Workers: 2
 Concurrent Refinement Workers: 8
 Periodic GC: Disabled
Heap:
 garbage-first heap   total 308224K, used 207261K [0x0000000080000000, 0x0000000100000000)
  region size 1024K, 8 young (8192K), 8 survivors (8192K)
 Metaspace       used 97682K, committed 98432K, reserved 1138688K
  class space    used 13331K, committed 13696K, reserved 1048576K
GC Heap History (20 events):
Event: 10.740 GC heap after
{Heap after GC invocations=28 (full 0):
 garbage-first heap   total 145408K, used 78476K [0x0000000080000000, 0x0000000100000000)
  region size 1024K, 6 young (6144K), 6 survivors (6144K)
 Metaspace       used 83874K, committed 84544K, reserved 1122304K
  class space    used 11564K, committed 11840K, reserved 1048576K
}
Event: 11.263 GC heap before
{Heap before GC invocations=29 (full 0):
 garbage-first heap   total 145408K, used 116364K [0x0000000080000000, 0x0000000100000000)
  region size 1024K, 44 young (45056K), 6 survivors (6144K)
 Metaspace       used 85126K, committed 85888K, reserved 1130496K
  class space    used 11757K, committed 12096K, reserved 1048576K
}
Event: 11.271 GC heap after
{Heap after GC invocations=30 (full 0):
 garbage-first heap   total 145408K, used 83185K [0x0000000080000000, 0x0000000100000000)
  region size 1024K, 5 young (5120K), 5 survivors (5120K)
 Metaspace       used 85126K, committed 85888K, reserved 1130496K
  class space    used 11757K, committed 12096K, reserved 1048576K
}
Event: 11.296 GC heap before
{Heap before GC invocations=30 (full 0):
 garbage-first heap   total 145408K, used 85233K [0x0000000080000000, 0x0000000100000000)
  region size 1024K, 7 young (7168K), 5 survivors (5120K)
 Metaspace       used 85131K, committed 85888K, reserved 1130496K
  class space    used 11757K, committed 12096K, reserved 1048576K
}
Event: 11.301 GC heap after
{Heap after GC invocations=31 (full 0):
 garbage-first heap   total 145408K, used 83636K [0x0000000080000000, 0x0000000100000000)
  region size 1024K, 1 young (1024K), 1 survivors (1024K)
 Metaspace       used 85131K, committed 85888K, reserved 1130496K
  class space    used 11757K, committed 12096K, reserved 1048576K
}
Event: 11.595 GC heap before
{Heap before GC invocations=31 (full 0):
 garbage-first heap   total 145408K, used 117428K [0x0000000080000000, 0x0000000100000000)
  region size 1024K, 35 young (35840K), 1 survivors (1024K)
 Metaspace       used 85388K, committed 86080K, reserved 1130496K
  class space    used 11760K, committed 12096K, reserved 1048576K
}
Event: 11.599 GC heap after
{Heap after GC invocations=32 (full 0):
 garbage-first heap   total 308224K, used 85093K [0x0000000080000000, 0x0000000100000000)
  region size 1024K, 3 young (3072K), 3 survivors (3072K)
 Metaspace       used 85388K, committed 86080K, reserved 1130496K
  class space    used 11760K, committed 12096K, reserved 1048576K
}
Event: 12.968 GC heap before
{Heap before GC invocations=33 (full 0):
 garbage-first heap   total 308224K, used 231525K [0x0000000080000000, 0x0000000100000000)
  region size 1024K, 147 young (150528K), 3 survivors (3072K)
 Metaspace       used 88771K, committed 89472K, reserved 1130496K
  class space    used 12139K, committed 12480K, reserved 1048576K
}
Event: 12.984 GC heap after
{Heap after GC invocations=34 (full 0):
 garbage-first heap   total 308224K, used 94073K [0x0000000080000000, 0x0000000100000000)
  region size 1024K, 11 young (11264K), 11 survivors (11264K)
 Metaspace       used 88771K, committed 89472K, reserved 1130496K
  class space    used 12139K, committed 12480K, reserved 1048576K
}
Event: 13.011 GC heap before
{Heap before GC invocations=34 (full 0):
 garbage-first heap   total 308224K, used 98169K [0x0000000080000000, 0x0000000100000000)
  region size 1024K, 15 young (15360K), 11 survivors (11264K)
 Metaspace       used 88899K, committed 89600K, reserved 1130496K
  class space    used 12159K, committed 12480K, reserved 1048576K
}
Event: 13.024 GC heap after
{Heap after GC invocations=35 (full 0):
 garbage-first heap   total 308224K, used 94873K [0x0000000080000000, 0x0000000100000000)
  region size 1024K, 2 young (2048K), 2 survivors (2048K)
 Metaspace       used 88899K, committed 89600K, reserved 1130496K
  class space    used 12159K, committed 12480K, reserved 1048576K
}
Event: 14.354 GC heap before
{Heap before GC invocations=35 (full 0):
 garbage-first heap   total 308224K, used 255641K [0x0000000080000000, 0x0000000100000000)
  region size 1024K, 140 young (143360K), 2 survivors (2048K)
 Metaspace       used 94002K, committed 94720K, reserved 1130496K
  class space    used 12815K, committed 13184K, reserved 1048576K
}
Event: 14.366 GC heap after
{Heap after GC invocations=36 (full 0):
 garbage-first heap   total 308224K, used 133757K [0x0000000080000000, 0x0000000100000000)
  region size 1024K, 18 young (18432K), 18 survivors (18432K)
 Metaspace       used 94002K, committed 94720K, reserved 1130496K
  class space    used 12815K, committed 13184K, reserved 1048576K
}
Event: 14.668 GC heap before
{Heap before GC invocations=36 (full 0):
 garbage-first heap   total 308224K, used 234109K [0x0000000080000000, 0x0000000100000000)
  region size 1024K, 76 young (77824K), 18 survivors (18432K)
 Metaspace       used 96627K, committed 97344K, reserved 1138688K
  class space    used 13196K, committed 13568K, reserved 1048576K
}
Event: 14.680 GC heap after
{Heap after GC invocations=37 (full 0):
 garbage-first heap   total 308224K, used 167827K [0x0000000080000000, 0x0000000100000000)
  region size 1024K, 14 young (14336K), 14 survivors (14336K)
 Metaspace       used 96627K, committed 97344K, reserved 1138688K
  class space    used 13196K, committed 13568K, reserved 1048576K
}
Event: 14.994 GC heap before
{Heap before GC invocations=37 (full 0):
 garbage-first heap   total 308224K, used 252819K [0x0000000080000000, 0x0000000100000000)
  region size 1024K, 89 young (91136K), 14 survivors (14336K)
 Metaspace       used 97444K, committed 98176K, reserved 1138688K
  class space    used 13310K, committed 13632K, reserved 1048576K
}
Event: 15.019 GC heap after
{Heap after GC invocations=38 (full 0):
 garbage-first heap   total 308224K, used 187862K [0x0000000080000000, 0x0000000100000000)
  region size 1024K, 12 young (12288K), 12 survivors (12288K)
 Metaspace       used 97444K, committed 98176K, reserved 1138688K
  class space    used 13310K, committed 13632K, reserved 1048576K
}
Event: 15.168 GC heap before
{Heap before GC invocations=38 (full 0):
 garbage-first heap   total 308224K, used 245206K [0x0000000080000000, 0x0000000100000000)
  region size 1024K, 67 young (68608K), 12 survivors (12288K)
 Metaspace       used 97623K, committed 98368K, reserved 1138688K
  class space    used 13331K, committed 13696K, reserved 1048576K
}
Event: 15.187 GC heap after
{Heap after GC invocations=39 (full 0):
 garbage-first heap   total 308224K, used 197967K [0x0000000080000000, 0x0000000100000000)
  region size 1024K, 9 young (9216K), 9 survivors (9216K)
 Metaspace       used 97623K, committed 98368K, reserved 1138688K
  class space    used 13331K, committed 13696K, reserved 1048576K
}
Event: 15.288 GC heap before
{Heap before GC invocations=39 (full 0):
 garbage-first heap   total 308224K, used 251215K [0x0000000080000000, 0x0000000100000000)
  region size 1024K, 59 young (60416K), 9 survivors (9216K)
 Metaspace       used 97682K, committed 98432K, reserved 1138688K
  class space    used 13331K, committed 13696K, reserved 1048576K
}

