# JRE version: OpenJDK Runtime Environment (17.0.6) (build 17.0.6+0-b2043.56-9586694)
# Java VM: OpenJDK 64-Bit Server VM (17.0.6+0-b2043.56-9586694, mixed mode, tiered, compressed oops, compressed class ptrs, g1 gc, windows-amd64)
GC Precious Log:
 CPUs: 8 total, 8 available
 Memory: 7959M
 Large Page Support: Disabled
 NUMA Support: Disabled
 Compressed Oops: Enabled (32-bit)
 Heap Region Size: 1M
 Heap Min Capacity: 8M
 Heap Initial Capacity: 126M
 Heap Max Capacity: 2G
 Pre-touch: Disabled
 Parallel Workers: 8
 Concurrent Workers: 2
 Concurrent Refinement Workers: 8
 Periodic GC: Disabled
Heap:
 garbage-first heap   total 386048K, used 298859K [0x0000000080000000, 0x0000000100000000)
  region size 1024K, 6 young (6144K), 6 survivors (6144K)
 Metaspace       used 103375K, committed 104128K, reserved 1146880K
  class space    used 14258K, committed 14656K, reserved 1048576K
GC Heap History (20 events):
Event: 11.282 GC heap before
{Heap before GC invocations=28 (full 0):
 garbage-first heap   total 187392K, used 144726K [0x0000000080000000, 0x0000000100000000)
  region size 1024K, 80 young (81920K), 2 survivors (2048K)
 Metaspace       used 82414K, committed 83008K, reserved 1122304K
  class space    used 11259K, committed 11520K, reserved 1048576K
}
Event: 11.290 GC heap after
{Heap after GC invocations=29 (full 0):
 garbage-first heap   total 187392K, used 71046K [0x0000000080000000, 0x0000000100000000)
  region size 1024K, 8 young (8192K), 8 survivors (8192K)
 Metaspace       used 82414K, committed 83008K, reserved 1122304K
  class space    used 11259K, committed 11520K, reserved 1048576K
}
Event: 12.117 GC heap before
{Heap before GC invocations=29 (full 0):
 garbage-first heap   total 187392K, used 144774K [0x0000000080000000, 0x0000000100000000)
  region size 1024K, 81 young (82944K), 8 survivors (8192K)
 Metaspace       used 85170K, committed 85888K, reserved 1130496K
  class space    used 11783K, committed 12096K, reserved 1048576K
}
Event: 12.133 GC heap after
{Heap after GC invocations=30 (full 0):
 garbage-first heap   total 187392K, used 80770K [0x0000000080000000, 0x0000000100000000)
  region size 1024K, 10 young (10240K), 10 survivors (10240K)
 Metaspace       used 85170K, committed 85888K, reserved 1130496K
  class space    used 11783K, committed 12096K, reserved 1048576K
}
Event: 12.744 GC heap before
{Heap before GC invocations=30 (full 0):
 garbage-first heap   total 187392K, used 145282K [0x0000000080000000, 0x0000000100000000)
  region size 1024K, 74 young (75776K), 10 survivors (10240K)
 Metaspace       used 85853K, committed 86528K, reserved 1130496K
  class space    used 11839K, committed 12160K, reserved 1048576K
}
Event: 12.753 GC heap after
{Heap after GC invocations=31 (full 0):
 garbage-first heap   total 187392K, used 85665K [0x0000000080000000, 0x0000000100000000)
  region size 1024K, 5 young (5120K), 5 survivors (5120K)
 Metaspace       used 85853K, committed 86528K, reserved 1130496K
  class space    used 11839K, committed 12160K, reserved 1048576K
}
Event: 13.356 GC heap before
{Heap before GC invocations=31 (full 0):
 garbage-first heap   total 187392K, used 149153K [0x0000000080000000, 0x0000000100000000)
  region size 1024K, 68 young (69632K), 5 survivors (5120K)
 Metaspace       used 88524K, committed 89216K, reserved 1130496K
  class space    used 12094K, committed 12416K, reserved 1048576K
}
Event: 13.365 GC heap after
{Heap after GC invocations=32 (full 0):
 garbage-first heap   total 187392K, used 88532K [0x0000000080000000, 0x0000000100000000)
  region size 1024K, 8 young (8192K), 8 survivors (8192K)
 Metaspace       used 88524K, committed 89216K, reserved 1130496K
  class space    used 12094K, committed 12416K, reserved 1048576K
}
Event: 14.337 GC heap before
{Heap before GC invocations=32 (full 0):
 garbage-first heap   total 187392K, used 150996K [0x0000000080000000, 0x0000000100000000)
  region size 1024K, 70 young (71680K), 8 survivors (8192K)
 Metaspace       used 94333K, committed 94976K, reserved 1138688K
  class space    used 12878K, committed 13184K, reserved 1048576K
}
Event: 14.348 GC heap after
{Heap after GC invocations=33 (full 0):
 garbage-first heap   total 374784K, used 93035K [0x0000000080000000, 0x0000000100000000)
  region size 1024K, 8 young (8192K), 8 survivors (8192K)
 Metaspace       used 94333K, committed 94976K, reserved 1138688K
  class space    used 12878K, committed 13184K, reserved 1048576K
}
Event: 15.551 GC heap before
{Heap before GC invocations=33 (full 0):
 garbage-first heap   total 374784K, used 332651K [0x0000000080000000, 0x0000000100000000)
  region size 1024K, 207 young (211968K), 8 survivors (8192K)
 Metaspace       used 99493K, committed 100224K, reserved 1138688K
  class space    used 13571K, committed 13888K, reserved 1048576K
}
Event: 15.569 GC heap after
{Heap after GC invocations=34 (full 0):
 garbage-first heap   total 374784K, used 144321K [0x0000000080000000, 0x0000000100000000)
  region size 1024K, 26 young (26624K), 26 survivors (26624K)
 Metaspace       used 99493K, committed 100224K, reserved 1138688K
  class space    used 13571K, committed 13888K, reserved 1048576K
}
Event: 16.056 GC heap before
{Heap before GC invocations=34 (full 0):
 garbage-first heap   total 374784K, used 323521K [0x0000000080000000, 0x0000000100000000)
  region size 1024K, 166 young (169984K), 26 survivors (26624K)
 Metaspace       used 100422K, committed 101184K, reserved 1138688K
  class space    used 13701K, committed 14080K, reserved 1048576K
}
Event: 16.103 GC heap after
{Heap after GC invocations=35 (full 0):
 garbage-first heap   total 386048K, used 194138K [0x0000000080000000, 0x0000000100000000)
  region size 1024K, 21 young (21504K), 21 survivors (21504K)
 Metaspace       used 100422K, committed 101184K, reserved 1138688K
  class space    used 13701K, committed 14080K, reserved 1048576K
}
Event: 16.571 GC heap before
{Heap before GC invocations=35 (full 0):
 garbage-first heap   total 386048K, used 303706K [0x0000000080000000, 0x0000000100000000)
  region size 1024K, 123 young (125952K), 21 survivors (21504K)
 Metaspace       used 102795K, committed 103552K, reserved 1138688K
  class space    used 14215K, committed 14592K, reserved 1048576K
}
Event: 16.606 GC heap after
{Heap after GC invocations=36 (full 0):
 garbage-first heap   total 386048K, used 210266K [0x0000000080000000, 0x0000000100000000)
  region size 1024K, 16 young (16384K), 16 survivors (16384K)
 Metaspace       used 102795K, committed 103552K, reserved 1138688K
  class space    used 14215K, committed 14592K, reserved 1048576K
}
Event: 17.073 GC heap before
{Heap before GC invocations=36 (full 0):
 garbage-first heap   total 386048K, used 302426K [0x0000000080000000, 0x0000000100000000)
  region size 1024K, 107 young (109568K), 16 survivors (16384K)
 Metaspace       used 103343K, committed 104128K, reserved 1146880K
  class space    used 14258K, committed 14656K, reserved 1048576K
}
Event: 17.138 GC heap after
{Heap after GC invocations=37 (full 0):
 garbage-first heap   total 386048K, used 253803K [0x0000000080000000, 0x0000000100000000)
  region size 1024K, 14 young (14336K), 14 survivors (14336K)
 Metaspace       used 103343K, committed 104128K, reserved 1146880K
  class space    used 14258K, committed 14656K, reserved 1048576K
}
Event: 17.351 GC heap before
{Heap before GC invocations=37 (full 0):
 garbage-first heap   total 386048K, used 306027K [0x0000000080000000, 0x0000000100000000)
  region size 1024K, 66 young (67584K), 14 survivors (14336K)
 Metaspace       used 103361K, committed 104128K, reserved 1146880K
  class space    used 14258K, committed 14656K, reserved 1048576K
}
Event: 17.402 GC heap after
{Heap after GC invocations=38 (full 0):
 garbage-first heap   total 386048K, used 280939K [0x0000000080000000, 0x0000000100000000)
  region size 1024K, 9 young (9216K), 9 survivors (9216K)
 Metaspace       used 103361K, committed 104128K, reserved 1146880K
  class space    used 14258K, committed 14656K, reserved 1048576K
}

