# JRE version: OpenJDK Runtime Environment (17.0.6) (build 17.0.6+0-b2043.56-9586694)
# Java VM: OpenJDK 64-Bit Server VM (17.0.6+0-b2043.56-9586694, mixed mode, tiered, compressed oops, compressed class ptrs, g1 gc, windows-amd64)
GC Precious Log:
 CPUs: 8 total, 8 available
 Memory: 7959M
 Large Page Support: Disabled
 NUMA Support: Disabled
 Compressed Oops: Enabled (32-bit)
 Heap Region Size: 1M
 Heap Min Capacity: 8M
 Heap Initial Capacity: 126M
 Heap Max Capacity: 2G
 Pre-touch: Disabled
 Parallel Workers: 8
 Concurrent Workers: 2
 Concurrent Refinement Workers: 8
 Periodic GC: Disabled
Heap:
 garbage-first heap   total 423936K, used 226304K [0x0000000080000000, 0x0000000100000000)
  region size 1024K, 3 young (3072K), 3 survivors (3072K)
 Metaspace       used 100439K, committed 101248K, reserved 1138688K
  class space    used 13893K, committed 14272K, reserved 1048576K
GC Heap History (20 events):
Event: 11.571 GC heap after
{Heap after GC invocations=31 (full 0):
 garbage-first heap   total 207872K, used 79470K [0x0000000080000000, 0x0000000100000000)
  region size 1024K, 12 young (12288K), 12 survivors (12288K)
 Metaspace       used 84615K, committed 85248K, reserved 1130496K
  class space    used 11614K, committed 11904K, reserved 1048576K
}
Event: 12.261 GC heap before
{Heap before GC invocations=31 (full 0):
 garbage-first heap   total 207872K, used 157294K [0x0000000080000000, 0x0000000100000000)
  region size 1024K, 89 young (91136K), 12 survivors (12288K)
 Metaspace       used 85711K, committed 86400K, reserved 1130496K
  class space    used 11794K, committed 12096K, reserved 1048576K
}
Event: 12.275 GC heap after
{Heap after GC invocations=32 (full 0):
 garbage-first heap   total 207872K, used 85976K [0x0000000080000000, 0x0000000100000000)
  region size 1024K, 7 young (7168K), 7 survivors (7168K)
 Metaspace       used 85711K, committed 86400K, reserved 1130496K
  class space    used 11794K, committed 12096K, reserved 1048576K
}
Event: 12.961 GC heap before
{Heap before GC invocations=32 (full 0):
 garbage-first heap   total 207872K, used 161752K [0x0000000080000000, 0x0000000100000000)
  region size 1024K, 82 young (83968K), 7 survivors (7168K)
 Metaspace       used 86317K, committed 87040K, reserved 1130496K
  class space    used 11842K, committed 12160K, reserved 1048576K
}
Event: 12.970 GC heap after
{Heap after GC invocations=33 (full 0):
 garbage-first heap   total 207872K, used 89814K [0x0000000080000000, 0x0000000100000000)
  region size 1024K, 10 young (10240K), 10 survivors (10240K)
 Metaspace       used 86317K, committed 87040K, reserved 1130496K
  class space    used 11842K, committed 12160K, reserved 1048576K
}
Event: 13.533 GC heap before
{Heap before GC invocations=33 (full 0):
 garbage-first heap   total 207872K, used 165590K [0x0000000080000000, 0x0000000100000000)
  region size 1024K, 85 young (87040K), 10 survivors (10240K)
 Metaspace       used 90272K, committed 91008K, reserved 1130496K
  class space    used 12340K, committed 12672K, reserved 1048576K
}
Event: 13.547 GC heap after
{Heap after GC invocations=34 (full 0):
 garbage-first heap   total 207872K, used 94261K [0x0000000080000000, 0x0000000100000000)
  region size 1024K, 10 young (10240K), 10 survivors (10240K)
 Metaspace       used 90272K, committed 91008K, reserved 1130496K
  class space    used 12340K, committed 12672K, reserved 1048576K
}
Event: 13.925 GC heap before
{Heap before GC invocations=34 (full 0):
 garbage-first heap   total 207872K, used 167989K [0x0000000080000000, 0x0000000100000000)
  region size 1024K, 83 young (84992K), 10 survivors (10240K)
 Metaspace       used 92184K, committed 92864K, reserved 1130496K
  class space    used 12570K, committed 12864K, reserved 1048576K
}
Event: 13.939 GC heap after
{Heap after GC invocations=35 (full 0):
 garbage-first heap   total 262144K, used 100429K [0x0000000080000000, 0x0000000100000000)
  region size 1024K, 11 young (11264K), 11 survivors (11264K)
 Metaspace       used 92184K, committed 92864K, reserved 1130496K
  class space    used 12570K, committed 12864K, reserved 1048576K
}
Event: 14.647 GC heap before
{Heap before GC invocations=35 (full 0):
 garbage-first heap   total 262144K, used 214093K [0x0000000080000000, 0x0000000100000000)
  region size 1024K, 97 young (99328K), 11 survivors (11264K)
 Metaspace       used 96661K, committed 97408K, reserved 1138688K
  class space    used 13193K, committed 13568K, reserved 1048576K
}
Event: 14.665 GC heap after
{Heap after GC invocations=36 (full 0):
 garbage-first heap   total 262144K, used 142139K [0x0000000080000000, 0x0000000100000000)
  region size 1024K, 15 young (15360K), 15 survivors (15360K)
 Metaspace       used 96661K, committed 97408K, reserved 1138688K
  class space    used 13193K, committed 13568K, reserved 1048576K
}
Event: 14.997 GC heap before
{Heap before GC invocations=37 (full 0):
 garbage-first heap   total 365568K, used 247611K [0x0000000080000000, 0x0000000100000000)
  region size 1024K, 76 young (77824K), 15 survivors (15360K)
 Metaspace       used 96961K, committed 97728K, reserved 1138688K
  class space    used 13237K, committed 13632K, reserved 1048576K
}
Event: 15.019 GC heap after
{Heap after GC invocations=38 (full 0):
 garbage-first heap   total 365568K, used 177677K [0x0000000080000000, 0x0000000100000000)
  region size 1024K, 10 young (10240K), 10 survivors (10240K)
 Metaspace       used 96961K, committed 97728K, reserved 1138688K
  class space    used 13237K, committed 13632K, reserved 1048576K
}
Event: 15.054 GC heap before
{Heap before GC invocations=38 (full 0):
 garbage-first heap   total 365568K, used 184845K [0x0000000080000000, 0x0000000100000000)
  region size 1024K, 17 young (17408K), 10 survivors (10240K)
 Metaspace       used 97126K, committed 97856K, reserved 1138688K
  class space    used 13261K, committed 13632K, reserved 1048576K
}
Event: 15.069 GC heap after
{Heap after GC invocations=39 (full 0):
 garbage-first heap   total 365568K, used 181632K [0x0000000080000000, 0x0000000100000000)
  region size 1024K, 3 young (3072K), 3 survivors (3072K)
 Metaspace       used 97126K, committed 97856K, reserved 1138688K
  class space    used 13261K, committed 13632K, reserved 1048576K
}
Event: 15.380 GC heap before
{Heap before GC invocations=39 (full 0):
 garbage-first heap   total 365568K, used 284032K [0x0000000080000000, 0x0000000100000000)
  region size 1024K, 101 young (103424K), 3 survivors (3072K)
 Metaspace       used 97611K, committed 98368K, reserved 1138688K
  class space    used 13323K, committed 13696K, reserved 1048576K
}
Event: 15.400 GC heap after
{Heap after GC invocations=40 (full 0):
 garbage-first heap   total 365568K, used 200163K [0x0000000080000000, 0x0000000100000000)
  region size 1024K, 13 young (13312K), 13 survivors (13312K)
 Metaspace       used 97611K, committed 98368K, reserved 1138688K
  class space    used 13323K, committed 13696K, reserved 1048576K
}
Event: 16.030 GC heap before
{Heap before GC invocations=41 (full 0):
 garbage-first heap   total 423936K, used 288227K [0x0000000080000000, 0x0000000100000000)
  region size 1024K, 94 young (96256K), 13 survivors (13312K)
 Metaspace       used 100399K, committed 101184K, reserved 1138688K
  class space    used 13893K, committed 14272K, reserved 1048576K
}
Event: 16.072 GC heap after
{Heap after GC invocations=42 (full 0):
 garbage-first heap   total 423936K, used 223232K [0x0000000080000000, 0x0000000100000000)
  region size 1024K, 12 young (12288K), 12 survivors (12288K)
 Metaspace       used 100399K, committed 101184K, reserved 1138688K
  class space    used 13893K, committed 14272K, reserved 1048576K
}
Event: 16.126 GC heap before
{Heap before GC invocations=42 (full 0):
 garbage-first heap   total 423936K, used 231424K [0x0000000080000000, 0x0000000100000000)
  region size 1024K, 20 young (20480K), 12 survivors (12288K)
 Metaspace       used 100439K, committed 101248K, reserved 1138688K
  class space    used 13893K, committed 14272K, reserved 1048576K
}

