# JRE version: OpenJDK Runtime Environment (17.0.6) (build 17.0.6+0-b2043.56-9586694)
# Java VM: OpenJDK 64-Bit Server VM (17.0.6+0-b2043.56-9586694, mixed mode, tiered, compressed oops, compressed class ptrs, g1 gc, windows-amd64)
GC Precious Log:
 CPUs: 8 total, 8 available
 Memory: 7959M
 Large Page Support: Disabled
 NUMA Support: Disabled
 Compressed Oops: Enabled (32-bit)
 Heap Region Size: 1M
 Heap Min Capacity: 8M
 Heap Initial Capacity: 126M
 Heap Max Capacity: 2G
 Pre-touch: Disabled
 Parallel Workers: 8
 Concurrent Workers: 2
 Concurrent Refinement Workers: 8
 Periodic GC: Disabled
Heap:
 garbage-first heap   total 363520K, used 214086K [0x0000000080000000, 0x0000000100000000)
  region size 1024K, 5 young (5120K), 5 survivors (5120K)
 Metaspace       used 126841K, committed 127936K, reserved 1163264K
  class space    used 17058K, committed 17536K, reserved 1048576K
GC Heap History (20 events):
Event: 14.396 GC heap after
{Heap after GC invocations=47 (full 0):
 garbage-first heap   total 314368K, used 182891K [0x0000000080000000, 0x0000000100000000)
  region size 1024K, 2 young (2048K), 2 survivors (2048K)
 Metaspace       used 95126K, committed 95936K, reserved 1138688K
  class space    used 12794K, committed 13184K, reserved 1048576K
}
Event: 15.130 GC heap before
{Heap before GC invocations=47 (full 0):
 garbage-first heap   total 314368K, used 255595K [0x0000000080000000, 0x0000000100000000)
  region size 1024K, 73 young (74752K), 2 survivors (2048K)
 Metaspace       used 96679K, committed 97536K, reserved 1138688K
  class space    used 12970K, committed 13376K, reserved 1048576K
}
Event: 15.138 GC heap after
{Heap after GC invocations=48 (full 0):
 garbage-first heap   total 314368K, used 187751K [0x0000000080000000, 0x0000000100000000)
  region size 1024K, 7 young (7168K), 7 survivors (7168K)
 Metaspace       used 96679K, committed 97536K, reserved 1138688K
  class space    used 12970K, committed 13376K, reserved 1048576K
}
Event: 22.241 GC heap before
{Heap before GC invocations=49 (full 0):
 garbage-first heap   total 342016K, used 257383K [0x0000000080000000, 0x0000000100000000)
  region size 1024K, 76 young (77824K), 7 survivors (7168K)
 Metaspace       used 100271K, committed 101248K, reserved 1138688K
  class space    used 13455K, committed 13888K, reserved 1048576K
}
Event: 22.253 GC heap after
{Heap after GC invocations=50 (full 0):
 garbage-first heap   total 342016K, used 193064K [0x0000000080000000, 0x0000000100000000)
  region size 1024K, 6 young (6144K), 6 survivors (6144K)
 Metaspace       used 100271K, committed 101248K, reserved 1138688K
  class space    used 13455K, committed 13888K, reserved 1048576K
}
Event: 22.420 GC heap before
{Heap before GC invocations=50 (full 0):
 garbage-first heap   total 342016K, used 203304K [0x0000000080000000, 0x0000000100000000)
  region size 1024K, 16 young (16384K), 6 survivors (6144K)
 Metaspace       used 102085K, committed 103040K, reserved 1138688K
  class space    used 13680K, committed 14144K, reserved 1048576K
}
Event: 22.426 GC heap after
{Heap after GC invocations=51 (full 0):
 garbage-first heap   total 342016K, used 193601K [0x0000000080000000, 0x0000000100000000)
  region size 1024K, 1 young (1024K), 1 survivors (1024K)
 Metaspace       used 102085K, committed 103040K, reserved 1138688K
  class space    used 13680K, committed 14144K, reserved 1048576K
}
Event: 22.748 GC heap before
{Heap before GC invocations=51 (full 0):
 garbage-first heap   total 342016K, used 212033K [0x0000000080000000, 0x0000000100000000)
  region size 1024K, 20 young (20480K), 1 survivors (1024K)
 Metaspace       used 105098K, committed 106048K, reserved 1146880K
  class space    used 14026K, committed 14464K, reserved 1048576K
}
Event: 22.751 GC heap after
{Heap after GC invocations=52 (full 0):
 garbage-first heap   total 342016K, used 194647K [0x0000000080000000, 0x0000000100000000)
  region size 1024K, 2 young (2048K), 2 survivors (2048K)
 Metaspace       used 105098K, committed 106048K, reserved 1146880K
  class space    used 14026K, committed 14464K, reserved 1048576K
}
Event: 24.079 GC heap before
{Heap before GC invocations=53 (full 0):
 garbage-first heap   total 358400K, used 289879K [0x0000000080000000, 0x0000000100000000)
  region size 1024K, 88 young (90112K), 2 survivors (2048K)
 Metaspace       used 111527K, committed 112448K, reserved 1146880K
  class space    used 14937K, committed 15360K, reserved 1048576K
}
Event: 24.088 GC heap after
{Heap after GC invocations=54 (full 0):
 garbage-first heap   total 358400K, used 201355K [0x0000000080000000, 0x0000000100000000)
  region size 1024K, 9 young (9216K), 9 survivors (9216K)
 Metaspace       used 111527K, committed 112448K, reserved 1146880K
  class space    used 14937K, committed 15360K, reserved 1048576K
}
Event: 24.400 GC heap before
{Heap before GC invocations=54 (full 0):
 garbage-first heap   total 358400K, used 209547K [0x0000000080000000, 0x0000000100000000)
  region size 1024K, 17 young (17408K), 9 survivors (9216K)
 Metaspace       used 113141K, committed 114112K, reserved 1155072K
  class space    used 15305K, committed 15744K, reserved 1048576K
}
Event: 24.408 GC heap after
{Heap after GC invocations=55 (full 0):
 garbage-first heap   total 358400K, used 199296K [0x0000000080000000, 0x0000000100000000)
  region size 1024K, 2 young (2048K), 2 survivors (2048K)
 Metaspace       used 113141K, committed 114112K, reserved 1155072K
  class space    used 15305K, committed 15744K, reserved 1048576K
}
Event: 25.656 GC heap before
{Heap before GC invocations=55 (full 0):
 garbage-first heap   total 358400K, used 287360K [0x0000000080000000, 0x0000000100000000)
  region size 1024K, 89 young (91136K), 2 survivors (2048K)
 Metaspace       used 120169K, committed 121152K, reserved 1155072K
  class space    used 16255K, committed 16704K, reserved 1048576K
}
Event: 25.662 GC heap after
{Heap after GC invocations=56 (full 0):
 garbage-first heap   total 358400K, used 205841K [0x0000000080000000, 0x0000000100000000)
  region size 1024K, 8 young (8192K), 8 survivors (8192K)
 Metaspace       used 120169K, committed 121152K, reserved 1155072K
  class space    used 16255K, committed 16704K, reserved 1048576K
}
Event: 26.481 GC heap before
{Heap before GC invocations=57 (full 0):
 garbage-first heap   total 363520K, used 293905K [0x0000000080000000, 0x0000000100000000)
  region size 1024K, 95 young (97280K), 8 survivors (8192K)
 Metaspace       used 121481K, committed 122496K, reserved 1155072K
  class space    used 16409K, committed 16896K, reserved 1048576K
}
Event: 26.491 GC heap after
{Heap after GC invocations=58 (full 0):
 garbage-first heap   total 363520K, used 212298K [0x0000000080000000, 0x0000000100000000)
  region size 1024K, 7 young (7168K), 7 survivors (7168K)
 Metaspace       used 121481K, committed 122496K, reserved 1155072K
  class space    used 16409K, committed 16896K, reserved 1048576K
}
Event: 26.534 GC heap before
{Heap before GC invocations=58 (full 0):
 garbage-first heap   total 363520K, used 222538K [0x0000000080000000, 0x0000000100000000)
  region size 1024K, 17 young (17408K), 7 survivors (7168K)
 Metaspace       used 121487K, committed 122496K, reserved 1155072K
  class space    used 16409K, committed 16896K, reserved 1048576K
}
Event: 26.542 GC heap after
{Heap after GC invocations=59 (full 0):
 garbage-first heap   total 363520K, used 210824K [0x0000000080000000, 0x0000000100000000)
  region size 1024K, 2 young (2048K), 2 survivors (2048K)
 Metaspace       used 121487K, committed 122496K, reserved 1155072K
  class space    used 16409K, committed 16896K, reserved 1048576K
}
Event: 31.828 GC heap before
{Heap before GC invocations=59 (full 0):
 garbage-first heap   total 363520K, used 269192K [0x0000000080000000, 0x0000000100000000)
  region size 1024K, 61 young (62464K), 2 survivors (2048K)
 Metaspace       used 126841K, committed 127936K, reserved 1163264K
  class space    used 17058K, committed 17536K, reserved 1048576K
}

