# JRE version: OpenJDK Runtime Environment (17.0.6) (build 17.0.6+0-b2043.56-9586694)
# Java VM: OpenJDK 64-Bit Server VM (17.0.6+0-b2043.56-9586694, mixed mode, tiered, compressed oops, compressed class ptrs, g1 gc, windows-amd64)
GC Precious Log:
 CPUs: 8 total, 8 available
 Memory: 7959M
 Large Page Support: Disabled
 NUMA Support: Disabled
 Compressed Oops: Enabled (32-bit)
 Heap Region Size: 1M
 Heap Min Capacity: 8M
 Heap Initial Capacity: 126M
 Heap Max Capacity: 2G
 Pre-touch: Disabled
 Parallel Workers: 8
 Concurrent Workers: 2
 Concurrent Refinement Workers: 8
 Periodic GC: Disabled
Heap:
 garbage-first heap   total 372736K, used 253191K [0x0000000080000000, 0x0000000100000000)
  region size 1024K, 7 young (7168K), 7 survivors (7168K)
 Metaspace       used 103165K, committed 103936K, reserved 1138688K
  class space    used 14217K, committed 14592K, reserved 1048576K
GC Heap History (20 events):
Event: 13.145 GC heap after
{Heap after GC invocations=33 (full 0):
 garbage-first heap   total 162816K, used 88467K [0x0000000080000000, 0x0000000100000000)
  region size 1024K, 4 young (4096K), 4 survivors (4096K)
 Metaspace       used 85859K, committed 86592K, reserved 1130496K
  class space    used 11823K, committed 12160K, reserved 1048576K
}
Event: 13.642 GC heap before
{Heap before GC invocations=34 (full 0):
 garbage-first heap   total 162816K, used 131475K [0x0000000080000000, 0x0000000100000000)
  region size 1024K, 47 young (48128K), 4 survivors (4096K)
 Metaspace       used 86120K, committed 86848K, reserved 1130496K
  class space    used 11826K, committed 12160K, reserved 1048576K
}
Event: 13.647 GC heap after
{Heap after GC invocations=35 (full 0):
 garbage-first heap   total 162816K, used 90972K [0x0000000080000000, 0x0000000100000000)
  region size 1024K, 6 young (6144K), 6 survivors (6144K)
 Metaspace       used 86120K, committed 86848K, reserved 1130496K
  class space    used 11826K, committed 12160K, reserved 1048576K
}
Event: 13.650 GC heap before
{Heap before GC invocations=35 (full 0):
 garbage-first heap   total 162816K, used 91996K [0x0000000080000000, 0x0000000100000000)
  region size 1024K, 7 young (7168K), 6 survivors (6144K)
 Metaspace       used 86120K, committed 86848K, reserved 1130496K
  class space    used 11826K, committed 12160K, reserved 1048576K
}
Event: 13.656 GC heap after
{Heap after GC invocations=36 (full 0):
 garbage-first heap   total 162816K, used 91040K [0x0000000080000000, 0x0000000100000000)
  region size 1024K, 1 young (1024K), 1 survivors (1024K)
 Metaspace       used 86120K, committed 86848K, reserved 1130496K
  class space    used 11826K, committed 12160K, reserved 1048576K
}
Event: 14.380 GC heap before
{Heap before GC invocations=36 (full 0):
 garbage-first heap   total 162816K, used 134048K [0x0000000080000000, 0x0000000100000000)
  region size 1024K, 44 young (45056K), 1 survivors (1024K)
 Metaspace       used 91234K, committed 91840K, reserved 1130496K
  class space    used 12437K, committed 12736K, reserved 1048576K
}
Event: 14.385 GC heap after
{Heap after GC invocations=37 (full 0):
 garbage-first heap   total 365568K, used 91613K [0x0000000080000000, 0x0000000100000000)
  region size 1024K, 2 young (2048K), 2 survivors (2048K)
 Metaspace       used 91234K, committed 91840K, reserved 1130496K
  class space    used 12437K, committed 12736K, reserved 1048576K
}
Event: 15.651 GC heap before
{Heap before GC invocations=38 (full 0):
 garbage-first heap   total 327680K, used 298461K [0x0000000080000000, 0x0000000100000000)
  region size 1024K, 186 young (190464K), 2 survivors (2048K)
 Metaspace       used 95901K, committed 96576K, reserved 1138688K
  class space    used 13052K, committed 13376K, reserved 1048576K
}
Event: 15.668 GC heap after
{Heap after GC invocations=39 (full 0):
 garbage-first heap   total 327680K, used 133101K [0x0000000080000000, 0x0000000100000000)
  region size 1024K, 23 young (23552K), 23 survivors (23552K)
 Metaspace       used 95901K, committed 96576K, reserved 1138688K
  class space    used 13052K, committed 13376K, reserved 1048576K
}
Event: 15.676 GC heap before
{Heap before GC invocations=39 (full 0):
 garbage-first heap   total 327680K, used 134125K [0x0000000080000000, 0x0000000100000000)
  region size 1024K, 24 young (24576K), 23 survivors (23552K)
 Metaspace       used 95928K, committed 96640K, reserved 1138688K
  class space    used 13059K, committed 13376K, reserved 1048576K
}
Event: 15.690 GC heap after
{Heap after GC invocations=40 (full 0):
 garbage-first heap   total 327680K, used 134150K [0x0000000080000000, 0x0000000100000000)
  region size 1024K, 2 young (2048K), 2 survivors (2048K)
 Metaspace       used 95928K, committed 96640K, reserved 1138688K
  class space    used 13059K, committed 13376K, reserved 1048576K
}
Event: 16.370 GC heap before
{Heap before GC invocations=40 (full 0):
 garbage-first heap   total 327680K, used 304134K [0x0000000080000000, 0x0000000100000000)
  region size 1024K, 120 young (122880K), 2 survivors (2048K)
 Metaspace       used 99780K, committed 100416K, reserved 1138688K
  class space    used 13590K, committed 13888K, reserved 1048576K
}
Event: 16.386 GC heap after
{Heap after GC invocations=41 (full 0):
 garbage-first heap   total 334848K, used 180418K [0x0000000080000000, 0x0000000100000000)
  region size 1024K, 15 young (15360K), 15 survivors (15360K)
 Metaspace       used 99780K, committed 100416K, reserved 1138688K
  class space    used 13590K, committed 13888K, reserved 1048576K
}
Event: 16.721 GC heap before
{Heap before GC invocations=41 (full 0):
 garbage-first heap   total 334848K, used 261314K [0x0000000080000000, 0x0000000100000000)
  region size 1024K, 93 young (95232K), 15 survivors (15360K)
 Metaspace       used 100360K, committed 101120K, reserved 1138688K
  class space    used 13676K, committed 14016K, reserved 1048576K
}
Event: 16.751 GC heap after
{Heap after GC invocations=42 (full 0):
 garbage-first heap   total 334848K, used 201531K [0x0000000080000000, 0x0000000100000000)
  region size 1024K, 12 young (12288K), 12 survivors (12288K)
 Metaspace       used 100360K, committed 101120K, reserved 1138688K
  class space    used 13676K, committed 14016K, reserved 1048576K
}
Event: 16.880 GC heap before
{Heap before GC invocations=42 (full 0):
 garbage-first heap   total 334848K, used 270139K [0x0000000080000000, 0x0000000100000000)
  region size 1024K, 75 young (76800K), 12 survivors (12288K)
 Metaspace       used 100424K, committed 101120K, reserved 1138688K
  class space    used 13676K, committed 14016K, reserved 1048576K
}
Event: 16.904 GC heap after
{Heap after GC invocations=43 (full 0):
 garbage-first heap   total 334848K, used 217342K [0x0000000080000000, 0x0000000100000000)
  region size 1024K, 10 young (10240K), 10 survivors (10240K)
 Metaspace       used 100424K, committed 101120K, reserved 1138688K
  class space    used 13676K, committed 14016K, reserved 1048576K
}
Event: 17.191 GC heap before
{Heap before GC invocations=43 (full 0):
 garbage-first heap   total 334848K, used 273662K [0x0000000080000000, 0x0000000100000000)
  region size 1024K, 63 young (64512K), 10 survivors (10240K)
 Metaspace       used 103048K, committed 103808K, reserved 1138688K
  class space    used 14217K, committed 14592K, reserved 1048576K
}
Event: 17.214 GC heap after
{Heap after GC invocations=44 (full 0):
 garbage-first heap   total 334848K, used 230947K [0x0000000080000000, 0x0000000100000000)
  region size 1024K, 8 young (8192K), 8 survivors (8192K)
 Metaspace       used 103048K, committed 103808K, reserved 1138688K
  class space    used 14217K, committed 14592K, reserved 1048576K
}
Event: 17.342 GC heap before
{Heap before GC invocations=44 (full 0):
 garbage-first heap   total 334848K, used 273955K [0x0000000080000000, 0x0000000100000000)
  region size 1024K, 50 young (51200K), 8 survivors (8192K)
 Metaspace       used 103165K, committed 103936K, reserved 1138688K
  class space    used 14217K, committed 14592K, reserved 1048576K
}

