# JRE version: OpenJDK Runtime Environment (17.0.6) (build 17.0.6+0-b2043.56-9586694)
# Java VM: OpenJDK 64-Bit Server VM (17.0.6+0-b2043.56-9586694, mixed mode, tiered, compressed oops, compressed class ptrs, g1 gc, windows-amd64)
GC Precious Log:
 CPUs: 8 total, 8 available
 Memory: 7959M
 Large Page Support: Disabled
 NUMA Support: Disabled
 Compressed Oops: Enabled (32-bit)
 Heap Region Size: 1M
 Heap Min Capacity: 8M
 Heap Initial Capacity: 126M
 Heap Max Capacity: 2G
 Pre-touch: Disabled
 Parallel Workers: 8
 Concurrent Workers: 2
 Concurrent Refinement Workers: 8
 Periodic GC: Disabled
Heap:
 garbage-first heap   total 352256K, used 201170K [0x0000000080000000, 0x0000000100000000)
  region size 1024K, 12 young (12288K), 12 survivors (12288K)
 Metaspace       used 97542K, committed 98240K, reserved 1138688K
  class space    used 13316K, committed 13632K, reserved 1048576K
GC Heap History (20 events):
Event: 10.316 GC heap after
{Heap after GC invocations=31 (full 0):
 garbage-first heap   total 128000K, used 66549K [0x0000000080000000, 0x0000000100000000)
  region size 1024K, 1 young (1024K), 1 survivors (1024K)
 Metaspace       used 76833K, committed 77440K, reserved 1122304K
  class space    used 10440K, committed 10752K, reserved 1048576K
}
Event: 10.867 GC heap before
{Heap before GC invocations=31 (full 0):
 garbage-first heap   total 128000K, used 102389K [0x0000000080000000, 0x0000000100000000)
  region size 1024K, 36 young (36864K), 1 survivors (1024K)
 Metaspace       used 81311K, committed 81984K, reserved 1122304K
  class space    used 11083K, committed 11392K, reserved 1048576K
}
Event: 10.872 GC heap after
{Heap after GC invocations=32 (full 0):
 garbage-first heap   total 128000K, used 68731K [0x0000000080000000, 0x0000000100000000)
  region size 1024K, 3 young (3072K), 3 survivors (3072K)
 Metaspace       used 81311K, committed 81984K, reserved 1122304K
  class space    used 11083K, committed 11392K, reserved 1048576K
}
Event: 11.227 GC heap before
{Heap before GC invocations=33 (full 0):
 garbage-first heap   total 128000K, used 103547K [0x0000000080000000, 0x0000000100000000)
  region size 1024K, 37 young (37888K), 3 survivors (3072K)
 Metaspace       used 82335K, committed 82944K, reserved 1122304K
  class space    used 11229K, committed 11520K, reserved 1048576K
}
Event: 11.236 GC heap after
{Heap after GC invocations=34 (full 0):
 garbage-first heap   total 128000K, used 73692K [0x0000000080000000, 0x0000000100000000)
  region size 1024K, 5 young (5120K), 5 survivors (5120K)
 Metaspace       used 82335K, committed 82944K, reserved 1122304K
  class space    used 11229K, committed 11520K, reserved 1048576K
}
Event: 11.248 GC heap before
{Heap before GC invocations=34 (full 0):
 garbage-first heap   total 128000K, used 74716K [0x0000000080000000, 0x0000000100000000)
  region size 1024K, 6 young (6144K), 5 survivors (5120K)
 Metaspace       used 82349K, committed 83008K, reserved 1122304K
  class space    used 11230K, committed 11520K, reserved 1048576K
}
Event: 11.256 GC heap after
{Heap after GC invocations=35 (full 0):
 garbage-first heap   total 256000K, used 73601K [0x0000000080000000, 0x0000000100000000)
  region size 1024K, 1 young (1024K), 1 survivors (1024K)
 Metaspace       used 82349K, committed 83008K, reserved 1122304K
  class space    used 11230K, committed 11520K, reserved 1048576K
}
Event: 12.798 GC heap before
{Heap before GC invocations=35 (full 0):
 garbage-first heap   total 256000K, used 196481K [0x0000000080000000, 0x0000000100000000)
  region size 1024K, 122 young (124928K), 1 survivors (1024K)
 Metaspace       used 85667K, committed 86336K, reserved 1130496K
  class space    used 11783K, committed 12096K, reserved 1048576K
}
Event: 12.812 GC heap after
{Heap after GC invocations=36 (full 0):
 garbage-first heap   total 256000K, used 84533K [0x0000000080000000, 0x0000000100000000)
  region size 1024K, 12 young (12288K), 12 survivors (12288K)
 Metaspace       used 85667K, committed 86336K, reserved 1130496K
  class space    used 11783K, committed 12096K, reserved 1048576K
}
Event: 14.007 GC heap before
{Heap before GC invocations=36 (full 0):
 garbage-first heap   total 256000K, used 191029K [0x0000000080000000, 0x0000000100000000)
  region size 1024K, 117 young (119808K), 12 survivors (12288K)
 Metaspace       used 87950K, committed 88576K, reserved 1130496K
  class space    used 12006K, committed 12288K, reserved 1048576K
}
Event: 14.019 GC heap after
{Heap after GC invocations=37 (full 0):
 garbage-first heap   total 256000K, used 91748K [0x0000000080000000, 0x0000000100000000)
  region size 1024K, 8 young (8192K), 8 survivors (8192K)
 Metaspace       used 87950K, committed 88576K, reserved 1130496K
  class space    used 12006K, committed 12288K, reserved 1048576K
}
Event: 14.673 GC heap before
{Heap before GC invocations=37 (full 0):
 garbage-first heap   total 256000K, used 197220K [0x0000000080000000, 0x0000000100000000)
  region size 1024K, 112 young (114688K), 8 survivors (8192K)
 Metaspace       used 91147K, committed 91840K, reserved 1130496K
  class space    used 12431K, committed 12736K, reserved 1048576K
}
Event: 14.690 GC heap after
{Heap after GC invocations=38 (full 0):
 garbage-first heap   total 256000K, used 98033K [0x0000000080000000, 0x0000000100000000)
  region size 1024K, 14 young (14336K), 14 survivors (14336K)
 Metaspace       used 91147K, committed 91840K, reserved 1130496K
  class space    used 12431K, committed 12736K, reserved 1048576K
}
Event: 15.265 GC heap before
{Heap before GC invocations=38 (full 0):
 garbage-first heap   total 256000K, used 214769K [0x0000000080000000, 0x0000000100000000)
  region size 1024K, 99 young (101376K), 14 survivors (14336K)
 Metaspace       used 96007K, committed 96704K, reserved 1138688K
  class space    used 13110K, committed 13376K, reserved 1048576K
}
Event: 15.287 GC heap after
{Heap after GC invocations=39 (full 0):
 garbage-first heap   total 256000K, used 140103K [0x0000000080000000, 0x0000000100000000)
  region size 1024K, 15 young (15360K), 15 survivors (15360K)
 Metaspace       used 96007K, committed 96704K, reserved 1138688K
  class space    used 13110K, committed 13376K, reserved 1048576K
}
Event: 15.630 GC heap before
{Heap before GC invocations=40 (full 0):
 garbage-first heap   total 352256K, used 240455K [0x0000000080000000, 0x0000000100000000)
  region size 1024K, 75 young (76800K), 15 survivors (15360K)
 Metaspace       used 96754K, committed 97472K, reserved 1138688K
  class space    used 13207K, committed 13568K, reserved 1048576K
}
Event: 15.665 GC heap after
{Heap after GC invocations=41 (full 0):
 garbage-first heap   total 352256K, used 174023K [0x0000000080000000, 0x0000000100000000)
  region size 1024K, 10 young (10240K), 10 survivors (10240K)
 Metaspace       used 96754K, committed 97472K, reserved 1138688K
  class space    used 13207K, committed 13568K, reserved 1048576K
}
Event: 15.692 GC heap before
{Heap before GC invocations=41 (full 0):
 garbage-first heap   total 352256K, used 181191K [0x0000000080000000, 0x0000000100000000)
  region size 1024K, 17 young (17408K), 10 survivors (10240K)
 Metaspace       used 96755K, committed 97472K, reserved 1138688K
  class space    used 13207K, committed 13568K, reserved 1048576K
}
Event: 15.706 GC heap after
{Heap after GC invocations=42 (full 0):
 garbage-first heap   total 352256K, used 177473K [0x0000000080000000, 0x0000000100000000)
  region size 1024K, 3 young (3072K), 3 survivors (3072K)
 Metaspace       used 96755K, committed 97472K, reserved 1138688K
  class space    used 13207K, committed 13568K, reserved 1048576K
}
Event: 16.257 GC heap before
{Heap before GC invocations=42 (full 0):
 garbage-first heap   total 352256K, used 273729K [0x0000000080000000, 0x0000000100000000)
  region size 1024K, 95 young (97280K), 3 survivors (3072K)
 Metaspace       used 97542K, committed 98240K, reserved 1138688K
  class space    used 13316K, committed 13632K, reserved 1048576K
}

