# JRE version: OpenJDK Runtime Environment (17.0.6) (build 17.0.6+0-b2043.56-9586694)
# Java VM: OpenJDK 64-Bit Server VM (17.0.6+0-b2043.56-9586694, mixed mode, tiered, compressed oops, compressed class ptrs, g1 gc, windows-amd64)
GC Precious Log:
 CPUs: 8 total, 8 available
 Memory: 7959M
 Large Page Support: Disabled
 NUMA Support: Disabled
 Compressed Oops: Enabled (32-bit)
 Heap Region Size: 1M
 Heap Min Capacity: 8M
 Heap Initial Capacity: 126M
 Heap Max Capacity: 2G
 Pre-touch: Disabled
 Parallel Workers: 8
 Concurrent Workers: 2
 Concurrent Refinement Workers: 8
 Periodic GC: Disabled
Heap:
 garbage-first heap   total 384000K, used 288789K [0x0000000080000000, 0x0000000100000000)
  region size 1024K, 81 young (82944K), 2 survivors (2048K)
 Metaspace       used 113121K, committed 113920K, reserved 1155072K
  class space    used 14936K, committed 15296K, reserved 1048576K
GC Heap History (20 events):
Event: 25.918 GC heap before
{Heap before GC invocations=38 (full 0):
 garbage-first heap   total 273408K, used 235532K [0x0000000080000000, 0x0000000100000000)
  region size 1024K, 113 young (115712K), 3 survivors (3072K)
 Metaspace       used 94435K, committed 95104K, reserved 1138688K
  class space    used 12745K, committed 13056K, reserved 1048576K
}
Event: 25.959 GC heap after
{Heap after GC invocations=39 (full 0):
 garbage-first heap   total 273408K, used 115712K [0x0000000080000000, 0x0000000100000000)
  region size 1024K, 15 young (15360K), 15 survivors (15360K)
 Metaspace       used 94435K, committed 95104K, reserved 1138688K
  class space    used 12745K, committed 13056K, reserved 1048576K
}
Event: 27.041 GC heap before
{Heap before GC invocations=39 (full 0):
 garbage-first heap   total 273408K, used 208896K [0x0000000080000000, 0x0000000100000000)
  region size 1024K, 107 young (109568K), 15 survivors (15360K)
 Metaspace       used 98018K, committed 98752K, reserved 1138688K
  class space    used 13040K, committed 13376K, reserved 1048576K
}
Event: 27.070 GC heap after
{Heap after GC invocations=40 (full 0):
 garbage-first heap   total 273408K, used 126532K [0x0000000080000000, 0x0000000100000000)
  region size 1024K, 10 young (10240K), 10 survivors (10240K)
 Metaspace       used 98018K, committed 98752K, reserved 1138688K
  class space    used 13040K, committed 13376K, reserved 1048576K
}
Event: 28.830 GC heap before
{Heap before GC invocations=40 (full 0):
 garbage-first heap   total 273408K, used 218692K [0x0000000080000000, 0x0000000100000000)
  region size 1024K, 97 young (99328K), 10 survivors (10240K)
 Metaspace       used 99473K, committed 100224K, reserved 1138688K
  class space    used 13150K, committed 13504K, reserved 1048576K
}
Event: 28.835 GC heap after
{Heap after GC invocations=41 (full 0):
 garbage-first heap   total 273408K, used 120462K [0x0000000080000000, 0x0000000100000000)
  region size 1024K, 2 young (2048K), 2 survivors (2048K)
 Metaspace       used 99473K, committed 100224K, reserved 1138688K
  class space    used 13150K, committed 13504K, reserved 1048576K
}
Event: 31.575 GC heap before
{Heap before GC invocations=41 (full 0):
 garbage-first heap   total 273408K, used 217742K [0x0000000080000000, 0x0000000100000000)
  region size 1024K, 98 young (100352K), 2 survivors (2048K)
 Metaspace       used 102022K, committed 102848K, reserved 1138688K
  class space    used 13432K, committed 13824K, reserved 1048576K
}
Event: 31.586 GC heap after
{Heap after GC invocations=42 (full 0):
 garbage-first heap   total 273408K, used 125747K [0x0000000080000000, 0x0000000100000000)
  region size 1024K, 8 young (8192K), 8 survivors (8192K)
 Metaspace       used 102022K, committed 102848K, reserved 1138688K
  class space    used 13432K, committed 13824K, reserved 1048576K
}
Event: 36.044 GC heap before
{Heap before GC invocations=42 (full 0):
 garbage-first heap   total 273408K, used 219955K [0x0000000080000000, 0x0000000100000000)
  region size 1024K, 101 young (103424K), 8 survivors (8192K)
 Metaspace       used 107553K, committed 108288K, reserved 1146880K
  class space    used 14169K, committed 14528K, reserved 1048576K
}
Event: 36.057 GC heap after
{Heap after GC invocations=43 (full 0):
 garbage-first heap   total 273408K, used 132105K [0x0000000080000000, 0x0000000100000000)
  region size 1024K, 13 young (13312K), 13 survivors (13312K)
 Metaspace       used 107553K, committed 108288K, reserved 1146880K
  class space    used 14169K, committed 14528K, reserved 1048576K
}
Event: 37.018 GC heap before
{Heap before GC invocations=43 (full 0):
 garbage-first heap   total 273408K, used 222217K [0x0000000080000000, 0x0000000100000000)
  region size 1024K, 102 young (104448K), 13 survivors (13312K)
 Metaspace       used 108845K, committed 109696K, reserved 1146880K
  class space    used 14335K, committed 14720K, reserved 1048576K
}
Event: 37.033 GC heap after
{Heap after GC invocations=44 (full 0):
 garbage-first heap   total 273408K, used 139033K [0x0000000080000000, 0x0000000100000000)
  region size 1024K, 13 young (13312K), 13 survivors (13312K)
 Metaspace       used 108845K, committed 109696K, reserved 1146880K
  class space    used 14335K, committed 14720K, reserved 1048576K
}
Event: 37.904 GC heap before
{Heap before GC invocations=44 (full 0):
 garbage-first heap   total 273408K, used 244505K [0x0000000080000000, 0x0000000100000000)
  region size 1024K, 97 young (99328K), 13 survivors (13312K)
 Metaspace       used 109375K, committed 110208K, reserved 1146880K
  class space    used 14401K, committed 14784K, reserved 1048576K
}
Event: 37.919 GC heap after
{Heap after GC invocations=45 (full 0):
 garbage-first heap   total 274432K, used 174930K [0x0000000080000000, 0x0000000100000000)
  region size 1024K, 13 young (13312K), 13 survivors (13312K)
 Metaspace       used 109375K, committed 110208K, reserved 1146880K
  class space    used 14401K, committed 14784K, reserved 1048576K
}
Event: 38.510 GC heap before
{Heap before GC invocations=45 (full 0):
 garbage-first heap   total 274432K, used 226130K [0x0000000080000000, 0x0000000100000000)
  region size 1024K, 63 young (64512K), 13 survivors (13312K)
 Metaspace       used 112276K, committed 113024K, reserved 1146880K
  class space    used 14815K, committed 15168K, reserved 1048576K
}
Event: 38.521 GC heap after
{Heap after GC invocations=46 (full 0):
 garbage-first heap   total 274432K, used 181747K [0x0000000080000000, 0x0000000100000000)
  region size 1024K, 7 young (7168K), 7 survivors (7168K)
 Metaspace       used 112276K, committed 113024K, reserved 1146880K
  class space    used 14815K, committed 15168K, reserved 1048576K
}
Event: 38.624 GC heap before
{Heap before GC invocations=46 (full 0):
 garbage-first heap   total 274432K, used 255475K [0x0000000080000000, 0x0000000100000000)
  region size 1024K, 39 young (39936K), 7 survivors (7168K)
 Metaspace       used 112754K, committed 113600K, reserved 1155072K
  class space    used 14886K, committed 15296K, reserved 1048576K
}
Event: 38.631 GC heap after
{Heap after GC invocations=47 (full 0):
 garbage-first heap   total 274432K, used 210720K [0x0000000080000000, 0x0000000100000000)
  region size 1024K, 7 young (7168K), 7 survivors (7168K)
 Metaspace       used 112754K, committed 113600K, reserved 1155072K
  class space    used 14886K, committed 15296K, reserved 1048576K
}
Event: 38.802 GC heap before
{Heap before GC invocations=47 (full 0):
 garbage-first heap   total 384000K, used 234272K [0x0000000080000000, 0x0000000100000000)
  region size 1024K, 28 young (28672K), 7 survivors (7168K)
 Metaspace       used 113028K, committed 113792K, reserved 1155072K
  class space    used 14931K, committed 15296K, reserved 1048576K
}
Event: 38.805 GC heap after
{Heap after GC invocations=48 (full 0):
 garbage-first heap   total 384000K, used 206869K [0x0000000080000000, 0x0000000100000000)
  region size 1024K, 2 young (2048K), 2 survivors (2048K)
 Metaspace       used 113028K, committed 113792K, reserved 1155072K
  class space    used 14931K, committed 15296K, reserved 1048576K
}

